<?xml version="1.0" encoding="UTF-8"?>
<!-- Generated by org.testng.reporters.JUnitXMLReporter -->
<testsuite ignored="0" hostname="EC2AMAZ-S11DBRH" failures="2" tests="6" name="Test" time="20.155" errors="0" timestamp="2024-03-13T07:22:48 GMT">
  <testcase classname="testcases.Checkboxtest" name="testcase1" time="1.421"/>
  <testcase classname="testcases.Checkboxtest" name="testcase2" time="2.109"/>
  <testcase classname="testcases.Checkboxtest" name="testcase3" time="2.072">
    <failure type="java.lang.AssertionError" message="expected [true] but found [false]">
      <![CDATA[java.lang.AssertionError: expected [true] but found [false]
at testcases.Checkboxtest.testcase3(Checkboxtest.java:44)
at java.base/java.util.ArrayList.forEach(ArrayList.java:1511)
... Removed 31 stack frames]]>
    </failure>
  </testcase> <!-- testcase3 -->
  <testcase classname="testcases.Checkboxtest2" name="testcase1" time="1.795"/>
  <testcase classname="testcases.Checkboxtest2" name="testcase2" time="2.281"/>
  <testcase classname="testcases.Checkboxtest2" name="testcase3" time="2.221">
    <failure type="java.lang.AssertionError" message="expected [true] but found [false]">
      <![CDATA[java.lang.AssertionError: expected [true] but found [false]
at testcases.Checkboxtest2.testcase3(Checkboxtest2.java:44)
at java.base/java.util.ArrayList.forEach(ArrayList.java:1511)
... Removed 31 stack frames]]>
    </failure>
  </testcase> <!-- testcase3 -->
</testsuite> <!-- Test -->
